<?xml version="1.0" encoding="UTF-8"?>
<!-- Generated by org.testng.reporters.JUnitReportReporter -->
<testsuite hostname="sys" name="day22.Login" tests="1" failures="0" timestamp="9 Jul 2015 05:14:58 GMT" time="13.095" errors="0">
  <testcase name="loginTest" time="13.095" classname="day22.Login"/>
</testsuite> <!-- day22.Login -->
