<?xml version="1.0" encoding="UTF-8"?>
<!-- Generated by org.testng.reporters.JUnitReportReporter -->
<testsuite hostname="sys" name="day12.ImplicitWait" tests="1" failures="0" timestamp="26 Jun 2015 05:27:01 GMT" time="35.785" errors="0">
  <testcase name="waitTest" time="35.785" classname="day12.ImplicitWait"/>
</testsuite> <!-- day12.ImplicitWait -->
