<?xml version="1.0" encoding="UTF-8"?>
<!-- Generated by org.testng.reporters.JUnitReportReporter -->
<testsuite hostname="sys" name="day23.YahooLogin" tests="1" failures="0" timestamp="13 Jul 2015 03:58:12 GMT" time="9.470" errors="0">
  <testcase name="loginTest" time="9.470" classname="day23.YahooLogin"/>
</testsuite> <!-- day23.YahooLogin -->
