<?xml version="1.0" encoding="UTF-8"?>
<!-- Generated by org.testng.reporters.JUnitReportReporter -->
<testsuite hostname="sys" name="day20.GmailLogin" tests="1" failures="0" timestamp="7 Jul 2015 04:48:48 GMT" time="12.394" errors="0">
  <testcase name="loginTest" time="12.394" classname="day20.GmailLogin"/>
</testsuite> <!-- day20.GmailLogin -->
