<?xml version="1.0" encoding="UTF-8"?>
<!-- Generated by org.testng.reporters.JUnitReportReporter -->
<testsuite hostname="sys" name="day23.DatadrivenTestingOnGrid" tests="2" failures="0" timestamp="11 Jul 2015 06:09:18 GMT" time="82.011" errors="0">
  <testcase name="linkTest" time="35.040" classname="day23.DatadrivenTestingOnGrid"/>
  <testcase name="linkTest" time="46.971" classname="day23.DatadrivenTestingOnGrid"/>
</testsuite> <!-- day23.DatadrivenTestingOnGrid -->
