<?xml version="1.0" encoding="UTF-8"?>
<!-- Generated by org.testng.reporters.JUnitReportReporter -->
<testsuite hostname="sys" name="day18.DropdownExcel" tests="1" failures="0" timestamp="4 Jul 2015 18:55:14 GMT" time="75.722" errors="0">
  <testcase name="dropdownTest" time="75.722" classname="day18.DropdownExcel"/>
</testsuite> <!-- day18.DropdownExcel -->
