<?xml version="1.0" encoding="UTF-8"?>
<!-- Generated by org.testng.reporters.JUnitReportReporter -->
<testsuite hostname="sys" name="day9.CaptchaAutomation" tests="1" failures="0" timestamp="25 Jun 2015 04:50:17 GMT" time="23.988" errors="0">
  <testcase name="cpatchaTest" time="23.988" classname="day9.CaptchaAutomation"/>
</testsuite> <!-- day9.CaptchaAutomation -->
