<?xml version="1.0" encoding="UTF-8"?>
<!-- Generated by org.testng.reporters.JUnitReportReporter -->
<testsuite hostname="sys" name="day9.Xpathcreation" tests="1" failures="0" timestamp="25 Jun 2015 04:14:07 GMT" time="17.926" errors="0">
  <testcase name="xpathTest" time="17.926" classname="day9.Xpathcreation"/>
</testsuite> <!-- day9.Xpathcreation -->
