<?xml version="1.0" encoding="UTF-8"?>
<!-- Generated by org.testng.reporters.JUnitReportReporter -->
<testsuite hostname="sys" name="day16.CookiesTesting1" tests="1" failures="0" timestamp="2 Jul 2015 18:02:46 GMT" time="26.677" errors="0">
  <testcase name="cookiesTest" time="26.677" classname="day16.CookiesTesting1"/>
</testsuite> <!-- day16.CookiesTesting1 -->
