<?xml version="1.0" encoding="UTF-8"?>
<!-- Generated by org.testng.reporters.JUnitReportReporter -->
<testsuite hostname="sys" name="day10.Xpathcreation" tests="1" failures="0" timestamp="24 Jun 2015 05:20:36 GMT" time="13.562" errors="0">
  <testcase name="xpathTest" time="13.562" classname="day10.Xpathcreation"/>
</testsuite> <!-- day10.Xpathcreation -->
