<?xml version="1.0" encoding="UTF-8"?>
<!-- Generated by org.testng.reporters.JUnitReportReporter -->
<testsuite hostname="sys" name="day10.RadioButtonsTesting2" tests="1" failures="0" timestamp="24 Jun 2015 04:27:41 GMT" time="16.288" errors="0">
  <testcase name="radioButtonTest" time="16.288" classname="day10.RadioButtonsTesting2"/>
</testsuite> <!-- day10.RadioButtonsTesting2 -->
