<?xml version="1.0" encoding="UTF-8"?>
<!-- Generated by org.testng.reporters.JUnitReportReporter -->
<testsuite hostname="sys" name="day14.Webtabletesting2" tests="1" failures="0" timestamp="30 Jun 2015 05:14:44 GMT" time="19.771" errors="0">
  <testcase name="webtabletest" time="19.771" classname="day14.Webtabletesting2"/>
</testsuite> <!-- day14.Webtabletesting2 -->
