<?xml version="1.0" encoding="UTF-8"?>
<!-- Generated by org.testng.reporters.JUnitReportReporter -->
<testsuite hostname="sys" name="day19.DatdrivenTesting1" tests="1" failures="0" timestamp="6 Jul 2015 04:33:22 GMT" time="43.120" errors="0">
  <testcase name="linksTest" time="43.120" classname="day19.DatdrivenTesting1"/>
</testsuite> <!-- day19.DatdrivenTesting1 -->
