<?xml version="1.0" encoding="UTF-8"?>
<!-- Generated by org.testng.reporters.JUnitReportReporter -->
<testsuite hostname="sys" name="day12.MultipleWindows2" tests="1" failures="0" timestamp="26 Jun 2015 04:46:08 GMT" time="40.264" errors="0">
  <testcase name="multipleWindowTest" time="40.264" classname="day12.MultipleWindows2"/>
</testsuite> <!-- day12.MultipleWindows2 -->
