<?xml version="1.0" encoding="UTF-8"?>
<!-- Generated by org.testng.reporters.JUnitReportReporter -->
<testsuite hostname="sys" name="day13.MouseHovering" tests="1" failures="0" timestamp="29 Jun 2015 05:26:12 GMT" time="13.301" errors="0">
  <testcase name="mouseHoverTest" time="13.301" classname="day13.MouseHovering"/>
</testsuite> <!-- day13.MouseHovering -->
