<?xml version="1.0" encoding="UTF-8"?>
<!-- Generated by org.testng.reporters.JUnitReportReporter -->
<testsuite hostname="sys" name="day23.DropdownOnGrid" tests="2" failures="0" timestamp="11 Jul 2015 05:25:25 GMT" time="140.273" errors="0">
  <testcase name="dropdownTest" time="48.132" classname="day23.DropdownOnGrid"/>
  <testcase name="dropdownTest" time="92.141" classname="day23.DropdownOnGrid"/>
</testsuite> <!-- day23.DropdownOnGrid -->
