<?xml version="1.0" encoding="UTF-8"?>
<!-- Generated by org.testng.reporters.JUnitReportReporter -->
<testsuite hostname="sys" name="day23.YahooLoginDataProvider" tests="2" failures="0" timestamp="11 Jul 2015 06:51:21 GMT" time="40.240" errors="0">
  <testcase name="loginTest" time="14.345" classname="day23.YahooLoginDataProvider"/>
  <testcase name="loginTest" time="25.895" classname="day23.YahooLoginDataProvider"/>
</testsuite> <!-- day23.YahooLoginDataProvider -->
