<?xml version="1.0" encoding="UTF-8"?>
<!-- Generated by org.testng.reporters.JUnitReportReporter -->
<testsuite hostname="sys" name="day21.Login" tests="1" failures="0" timestamp="8 Jul 2015 05:18:11 GMT" time="9.467" errors="0">
  <testcase name="loginTest" time="9.467" classname="day21.Login"/>
</testsuite> <!-- day21.Login -->
