<?xml version="1.0" encoding="UTF-8"?>
<!-- Generated by org.testng.reporters.JUnitReportReporter -->
<testsuite hostname="sys" name="day26.POMControl1" tests="1" failures="0" timestamp="14 Jul 2015 04:36:55 GMT" time="10.336" errors="0">
  <testcase name="POMTest" time="10.336" classname="day26.POMControl1"/>
</testsuite> <!-- day26.POMControl1 -->
