<?xml version="1.0" encoding="UTF-8"?>
<!-- Generated by org.testng.reporters.JUnitReportReporter -->
<testsuite hostname="sys" name="day14.Webtabletesting1" tests="1" failures="0" timestamp="30 Jun 2015 04:55:00 GMT" time="11.774" errors="0">
  <testcase name="webtabletest" time="11.774" classname="day14.Webtabletesting1"/>
</testsuite> <!-- day14.Webtabletesting1 -->
