<?xml version="1.0" encoding="UTF-8"?>
<!-- Generated by org.testng.reporters.JUnitReportReporter -->
<testsuite hostname="sys" name="day17.AlertHandling" tests="1" failures="0" timestamp="3 Jul 2015 16:54:15 GMT" time="11.609" errors="0">
  <testcase name="alertTest" time="11.609" classname="day17.AlertHandling"/>
</testsuite> <!-- day17.AlertHandling -->
