<?xml version="1.0" encoding="UTF-8"?>
<!-- Generated by org.testng.reporters.JUnitReportReporter -->
<testsuite hostname="sys" name="day18.WebtableExcel" tests="1" failures="0" timestamp="4 Jul 2015 19:13:03 GMT" time="17.643" errors="0">
  <testcase name="webtabletest" time="17.643" classname="day18.WebtableExcel"/>
</testsuite> <!-- day18.WebtableExcel -->
