<?xml version="1.0" encoding="UTF-8"?>
<!-- Generated by org.testng.reporters.JUnitReportReporter -->
<testsuite hostname="sys" name="day13.ExplicitWait_Webdriverwait" tests="1" failures="0" timestamp="29 Jun 2015 04:14:33 GMT" time="127.428" errors="0">
  <testcase name="waitTest" time="127.428" classname="day13.ExplicitWait_Webdriverwait"/>
</testsuite> <!-- day13.ExplicitWait_Webdriverwait -->
