<?xml version="1.0" encoding="UTF-8"?>
<!-- Generated by org.testng.reporters.JUnitReportReporter -->
<testsuite hostname="sys" name="day20.DatadrivenTesting3" tests="1" failures="0" timestamp="7 Jul 2015 04:37:07 GMT" time="18.018" errors="0">
  <testcase name="linksTest" time="18.018" classname="day20.DatadrivenTesting3"/>
</testsuite> <!-- day20.DatadrivenTesting3 -->
