<?xml version="1.0" encoding="UTF-8"?>
<!-- Generated by org.testng.reporters.JUnitReportReporter -->
<testsuite hostname="sys" name="day18.CheckBoxesTesting1" tests="1" failures="0" timestamp="4 Jul 2015 17:11:32 GMT" time="15.685" errors="0">
  <testcase name="checkBoxtest" time="15.685" classname="day18.CheckBoxesTesting1"/>
</testsuite> <!-- day18.CheckBoxesTesting1 -->
