<?xml version="1.0" encoding="UTF-8"?>
<!-- Generated by org.testng.reporters.JUnitReportReporter -->
<testsuite hostname="sys" name="day16.WebtableCalander" tests="1" failures="0" timestamp="2 Jul 2015 17:14:01 GMT" time="23.771" errors="0">
  <testcase name="calanderTest" time="23.771" classname="day16.WebtableCalander"/>
</testsuite> <!-- day16.WebtableCalander -->
