<?xml version="1.0" encoding="UTF-8"?>
<!-- Generated by org.testng.reporters.JUnitReportReporter -->
<testsuite hostname="sys" name="day25.DBTesting2" tests="1" failures="0" timestamp="13 Jul 2015 05:01:34 GMT" time="22.417" errors="0">
  <testcase name="dBTest" time="22.417" classname="day25.DBTesting2"/>
</testsuite> <!-- day25.DBTesting2 -->
