<?xml version="1.0" encoding="UTF-8"?>
<!-- Generated by org.testng.reporters.JUnitReportReporter -->
<testsuite hostname="sys" name="day14.SliderBar" tests="1" failures="0" timestamp="30 Jun 2015 04:40:01 GMT" time="14.806" errors="0">
  <testcase name="sliderTest" time="14.806" classname="day14.SliderBar"/>
</testsuite> <!-- day14.SliderBar -->
