<?xml version="1.0" encoding="UTF-8"?>
<!-- Generated by org.testng.reporters.JUnitReportReporter -->
<testsuite hostname="sys" name="day14.WebtableDynamic" tests="1" failures="0" timestamp="4 Jul 2015 19:09:46 GMT" time="21.241" errors="0">
  <testcase name="webtabletest" time="21.241" classname="day14.WebtableDynamic"/>
</testsuite> <!-- day14.WebtableDynamic -->
