<?xml version="1.0" encoding="UTF-8"?>
<!-- Generated by org.testng.reporters.JUnitReportReporter -->
<testsuite hostname="sys" name="day12.MultipleWindows1" tests="1" failures="0" timestamp="26 Jun 2015 04:26:00 GMT" time="29.707" errors="0">
  <testcase name="multipleWindowTest" time="29.707" classname="day12.MultipleWindows1"/>
</testsuite> <!-- day12.MultipleWindows1 -->
