<?xml version="1.0" encoding="UTF-8"?>
<!-- Generated by org.testng.reporters.JUnitReportReporter -->
<testsuite hostname="sys" name="day19.DatdrivenTesting2" tests="1" failures="0" timestamp="6 Jul 2015 05:15:45 GMT" time="20.409" errors="0">
  <testcase name="linksTest" time="20.409" classname="day19.DatdrivenTesting2"/>
</testsuite> <!-- day19.DatdrivenTesting2 -->
