<?xml version="1.0" encoding="UTF-8"?>
<!-- Generated by org.testng.reporters.JUnitReportReporter -->
<testsuite hostname="sys" name="day9.RadioButtonsTesting1" tests="1" failures="0" timestamp="23 Jun 2015 05:24:55 GMT" time="13.158" errors="0">
  <testcase name="radioButtonTest" time="13.158" classname="day9.RadioButtonsTesting1"/>
</testsuite> <!-- day9.RadioButtonsTesting1 -->
