<?xml version="1.0" encoding="UTF-8"?>
<!-- Generated by org.testng.reporters.JUnitReportReporter -->
<testsuite hostname="sys" name="day14.RightClick" tests="1" failures="0" timestamp="30 Jun 2015 04:16:06 GMT" time="10.049" errors="0">
  <testcase name="rightClickTest" time="10.049" classname="day14.RightClick"/>
</testsuite> <!-- day14.RightClick -->
