<?xml version="1.0" encoding="UTF-8"?>
<!-- Generated by org.testng.reporters.JUnitReportReporter -->
<testsuite hostname="sys" name="day18.CheckBoxesTesting2" tests="1" failures="0" timestamp="4 Jul 2015 17:19:57 GMT" time="16.735" errors="0">
  <testcase name="checkBoxtest" time="16.735" classname="day18.CheckBoxesTesting2"/>
</testsuite> <!-- day18.CheckBoxesTesting2 -->
