<?xml version="1.0" encoding="UTF-8"?>
<!-- Generated by org.testng.reporters.JUnitReportReporter -->
<testsuite hostname="sys" name="day9.Xpath" tests="1" failures="0" timestamp="25 Jun 2015 04:27:08 GMT" time="18.114" errors="0">
  <testcase name="xpathTest" time="18.114" classname="day9.Xpath"/>
</testsuite> <!-- day9.Xpath -->
