<?xml version="1.0" encoding="UTF-8"?>
<!-- Generated by org.testng.reporters.JUnitReportReporter -->
<testsuite hostname="sys" name="day13.Frames1" tests="1" failures="0" timestamp="29 Jun 2015 05:07:35 GMT" time="23.263" errors="0">
  <testcase name="framesTest" time="23.263" classname="day13.Frames1"/>
</testsuite> <!-- day13.Frames1 -->
