<?xml version="1.0" encoding="UTF-8"?>
<!-- Generated by org.testng.reporters.JUnitReportReporter -->
<testsuite hostname="sys" name="day17.AjaxTesting" tests="1" failures="0" timestamp="3 Jul 2015 17:47:55 GMT" time="14.672" errors="0">
  <testcase name="ajaxTest" time="14.672" classname="day17.AjaxTesting"/>
</testsuite> <!-- day17.AjaxTesting -->
